<?xml version="1.0" encoding="UTF-8"?>
<!-- Generated by org.testng.reporters.JUnitReportReporter -->
<testsuite name="swe2.springbootstarter.course.GameServiceTest" tests="3" time="0.000" ignored="0" failures="0" timestamp="21 May 2017 08:45:16 GMT" skipped="3" hostname="DESKTOP-U5EM0KH" errors="0">
  <testcase name="getGame" time="0.000" classname="swe2.springbootstarter.course.GameServiceTest">
    <skipped/>
  </testcase> <!-- getGame -->
  <testcase name="getAllGames" time="0.000" classname="swe2.springbootstarter.course.GameServiceTest">
    <skipped/>
  </testcase> <!-- getAllGames -->
  <testcase name="isGameExist" time="0.000" classname="swe2.springbootstarter.course.GameServiceTest">
    <skipped/>
  </testcase> <!-- isGameExist -->
</testsuite> <!-- swe2.springbootstarter.course.GameServiceTest -->
